<?xml version="1.0" encoding="UTF-8"?>
<!-- Generated by org.testng.reporters.JUnitReportReporter -->
<testsuite hostname="HPPAV-OCT19-RG" failures="0" tests="3" name="test.day4" time="0.007" errors="0" timestamp="2023-03-15T11:29:46 GMT" skipped="0">
  <testcase classname="test.day4" name="LoginAPICarLoan" time="0.007"/>
  <system-out/>
  <testcase classname="test.day4" name="MobileLoginCarLoan" time="0.000"/>
  <system-out/>
  <testcase classname="test.day4" name="WebloginCarLoan" time="0.000"/>
  <system-out/>
</testsuite> <!-- test.day4 -->
