<?xml version="1.0" encoding="UTF-8"?>
<!-- Generated by org.testng.reporters.JUnitReportReporter -->
<testsuite hostname="HPPAV-OCT19-RG" failures="0" tests="5" name="test.day3" time="0.010" errors="0" timestamp="2023-03-15T11:29:46 GMT" skipped="0">
  <testcase classname="test.day3" name="WebloginHomeLoan" time="0.001"/>
  <system-out/>
  <testcase classname="test.day3" name="WebloginHomeLoan" time="0.002"/>
  <system-out/>
  <testcase classname="test.day3" name="MobileLoginHomeLoan" time="0.001"/>
  <system-out/>
  <testcase classname="test.day3" name="LoginAPIHomeLoan" time="0.003"/>
  <system-out/>
  <testcase classname="test.day3" name="WebloginHomeLoan" time="0.003"/>
  <system-out/>
</testsuite> <!-- test.day3 -->
